06-May-2018 16:54:58: Coppining src files to log folder
06-May-2018 16:54:59: Loading settings
06-May-2018 16:54:59: Gen: 1: 
06-May-2018 16:54:59: Initializing networks
06-May-2018 16:54:59: Initializing remaining params
06-May-2018 16:54:59: Starting steps
06-May-2018 16:55:00: Path 1:
06-May-2018 16:55:00: Best Fit: 1971.285884    Distance: 197.124326    Collision: 0     Angle Err: 0.426217
06-May-2018 16:55:00: Initializing networks
06-May-2018 16:55:00: Initializing remaining params
06-May-2018 16:55:00: Starting steps
06-May-2018 16:55:00: Path 2:
06-May-2018 16:55:00: Best Fit: 2760.543880    Distance: 275.771645    Collision: 0     Angle Err: 28.274334
06-May-2018 16:55:00: Best Fit: 2365.914882    Distance: 236.447985    Collision: 0    Angle Err: 14.350275
06-May-2018 16:55:51: Coppining src files to log folder
06-May-2018 16:55:51: Loading settings
06-May-2018 16:55:51: Gen: 1: 
06-May-2018 16:55:51: Initializing networks
06-May-2018 16:55:51: Initializing remaining params
06-May-2018 16:55:51: Starting steps
06-May-2018 16:55:52: Path 1:
06-May-2018 16:55:52: Best Fit: 1971.285884    Distance: 197.124326    Collision: 0     Angle Err: 0.426217
06-May-2018 16:55:52: Initializing networks
06-May-2018 16:55:52: Initializing remaining params
06-May-2018 16:55:52: Starting steps
06-May-2018 16:55:53: Path 2:
06-May-2018 16:55:53: Best Fit: 2760.543880    Distance: 275.771645    Collision: 0     Angle Err: 28.274334
06-May-2018 16:55:53: Best Fit: 2365.914882    Distance: 236.447985    Collision: 0    Angle Err: 14.350275
06-May-2018 16:55:53: Gen: 2: 
06-May-2018 16:55:53: Initializing networks
06-May-2018 16:55:53: Initializing remaining params
06-May-2018 16:55:54: Starting steps
06-May-2018 16:55:54: Path 1:
06-May-2018 16:55:54: Best Fit: 1643.435109    Distance: 94.340495    Collision: 7     Angle Err: 0.301587
06-May-2018 16:55:54: Initializing networks
06-May-2018 16:55:54: Initializing remaining params
06-May-2018 16:55:55: Starting steps
06-May-2018 16:55:55: Path 2:
06-May-2018 16:55:55: Best Fit: 2708.623606    Distance: 270.835979    Collision: 0     Angle Err: 2.638195
06-May-2018 16:55:55: Best Fit: 2361.067663    Distance: 235.963206    Collision: 0    Angle Err: 14.356038
06-May-2018 16:55:55: Gen: 3: 
06-May-2018 16:55:55: Initializing networks
06-May-2018 16:55:55: Initializing remaining params
06-May-2018 16:55:55: Starting steps
06-May-2018 16:55:56: Path 1:
06-May-2018 16:55:56: Best Fit: 1509.727129    Distance: 80.969657    Collision: 7     Angle Err: 0.305551
06-May-2018 16:55:56: Initializing networks
06-May-2018 16:55:56: Initializing remaining params
06-May-2018 16:55:56: Starting steps
06-May-2018 16:55:57: Path 2:
06-May-2018 16:55:57: Best Fit: 2455.690419    Distance: 245.554428    Collision: 0     Angle Err: 1.461388
06-May-2018 16:55:57: Best Fit: 2228.351071    Distance: 222.833315    Collision: 0    Angle Err: 0.179202
06-May-2018 16:55:57: Gen: 4: 
06-May-2018 16:55:57: Initializing networks
06-May-2018 16:55:57: Initializing remaining params
06-May-2018 16:55:57: Starting steps
06-May-2018 16:55:58: Path 1:
06-May-2018 16:55:58: Best Fit: 1836.764673    Distance: 183.687585    Collision: 0     Angle Err: -1.111726
06-May-2018 16:55:58: Initializing networks
06-May-2018 16:55:58: Initializing remaining params
06-May-2018 16:55:58: Starting steps
06-May-2018 16:55:59: Path 2:
06-May-2018 16:55:59: Best Fit: 2470.766933    Distance: 247.038868    Collision: 0     Angle Err: 3.782524
06-May-2018 16:55:59: Best Fit: 2228.351071    Distance: 222.833315    Collision: 0    Angle Err: 0.179202
06-May-2018 16:55:59: Gen: 5: 
06-May-2018 16:55:59: Initializing networks
06-May-2018 16:55:59: Initializing remaining params
06-May-2018 16:55:59: Starting steps
06-May-2018 16:56:00: Path 1:
06-May-2018 16:56:00: Best Fit: 1717.089281    Distance: 101.706031    Collision: 7     Angle Err: 0.289664
06-May-2018 16:56:00: Initializing networks
06-May-2018 16:56:00: Initializing remaining params
06-May-2018 16:56:00: Starting steps
06-May-2018 16:56:01: Path 2:
06-May-2018 16:56:01: Best Fit: 2470.766933    Distance: 247.038868    Collision: 0     Angle Err: 3.782524
06-May-2018 16:56:01: Best Fit: 2222.948247    Distance: 222.286135    Collision: 0    Angle Err: 0.869011
06-May-2018 16:56:01: Gen: 6: 
06-May-2018 16:56:01: Initializing networks
06-May-2018 16:56:01: Initializing remaining params
06-May-2018 16:56:01: Starting steps
06-May-2018 16:56:02: Path 1:
06-May-2018 16:56:02: Best Fit: 1840.841006    Distance: 184.078821    Collision: 0     Angle Err: 0.527992
06-May-2018 16:56:02: Initializing networks
06-May-2018 16:56:02: Initializing remaining params
06-May-2018 16:56:02: Starting steps
06-May-2018 16:56:03: Path 2:
06-May-2018 16:56:03: Best Fit: 2554.577606    Distance: 255.436049    Collision: 0     Angle Err: 2.171193
06-May-2018 16:56:03: Best Fit: 2221.947199    Distance: 222.192638    Collision: 0    Angle Err: 0.208199
06-May-2018 16:56:03: Gen: 7: 
06-May-2018 16:56:03: Initializing networks
06-May-2018 16:56:03: Initializing remaining params
06-May-2018 16:56:03: Starting steps
06-May-2018 16:56:04: Path 1:
06-May-2018 16:56:04: Best Fit: 1823.347597    Distance: 182.342422    Collision: 0     Angle Err: -0.766265
06-May-2018 16:56:04: Initializing networks
06-May-2018 16:56:04: Initializing remaining params
06-May-2018 16:56:04: Starting steps
06-May-2018 16:56:04: Path 2:
06-May-2018 16:56:04: Best Fit: 2434.621591    Distance: 243.473678    Collision: 0     Angle Err: -1.151927
06-May-2018 16:56:05: Best Fit: 2177.728950    Distance: 217.709675    Collision: 0    Angle Err: 6.322047
06-May-2018 16:56:05: Gen: 8: 
06-May-2018 16:56:05: Initializing networks
06-May-2018 16:56:05: Initializing remaining params
06-May-2018 16:56:05: Starting steps
06-May-2018 16:56:05: Path 1:
06-May-2018 16:56:05: Best Fit: 1823.347597    Distance: 182.342422    Collision: 0     Angle Err: -0.766265
06-May-2018 16:56:05: Initializing networks
06-May-2018 16:56:05: Initializing remaining params
06-May-2018 16:56:05: Starting steps
06-May-2018 16:56:06: Path 2:
06-May-2018 16:56:06: Best Fit: 2430.649721    Distance: 243.045635    Collision: 0     Angle Err: 1.933757
06-May-2018 16:56:06: Best Fit: 2177.728950    Distance: 217.709675    Collision: 0    Angle Err: 6.322047
06-May-2018 16:56:06: Gen: 9: 
06-May-2018 16:56:06: Initializing networks
06-May-2018 16:56:06: Initializing remaining params
06-May-2018 16:56:06: Starting steps
06-May-2018 16:56:07: Path 1:
06-May-2018 16:56:07: Best Fit: 1823.347597    Distance: 182.342422    Collision: 0     Angle Err: -0.766265
06-May-2018 16:56:07: Initializing networks
06-May-2018 16:56:07: Initializing remaining params
06-May-2018 16:56:07: Starting steps
06-May-2018 16:56:08: Path 2:
06-May-2018 16:56:08: Best Fit: 2393.607218    Distance: 239.337654    Collision: 0     Angle Err: 2.306799
06-May-2018 16:56:08: Best Fit: 2158.200135    Distance: 215.784584    Collision: 0    Angle Err: 3.542982
06-May-2018 16:56:08: Gen: 10: 
06-May-2018 16:56:08: Initializing networks
06-May-2018 16:56:08: Initializing remaining params
06-May-2018 16:56:08: Starting steps
06-May-2018 16:56:09: Path 1:
06-May-2018 16:56:09: Best Fit: 1823.366104    Distance: 182.341718    Collision: 0     Angle Err: -0.510795
06-May-2018 16:56:09: Initializing networks
06-May-2018 16:56:09: Initializing remaining params
06-May-2018 16:56:09: Starting steps
06-May-2018 16:56:10: Path 2:
06-May-2018 16:56:10: Best Fit: 2393.607218    Distance: 239.337654    Collision: 0     Angle Err: 2.306799
06-May-2018 16:56:10: Best Fit: 2128.065970    Distance: 212.771138    Collision: 0    Angle Err: 3.545894
06-May-2018 16:56:10: Gen: 11: 
06-May-2018 16:56:10: Initializing networks
06-May-2018 16:56:10: Initializing remaining params
06-May-2018 16:56:10: Starting steps
06-May-2018 16:56:11: Path 1:
06-May-2018 16:56:11: Best Fit: 1840.263446    Distance: 184.035505    Collision: 0     Angle Err: -0.915994
06-May-2018 16:56:11: Initializing networks
06-May-2018 16:56:11: Initializing remaining params
06-May-2018 16:56:11: Starting steps
06-May-2018 16:56:12: Path 2:
06-May-2018 16:56:12: Best Fit: 2393.607218    Distance: 239.337654    Collision: 0     Angle Err: 2.306799
06-May-2018 16:56:12: Best Fit: 2128.065970    Distance: 212.771138    Collision: 0    Angle Err: 3.545894
06-May-2018 16:56:12: Gen: 12: 
06-May-2018 16:56:12: Initializing networks
06-May-2018 16:56:12: Initializing remaining params
06-May-2018 16:56:12: Starting steps
06-May-2018 16:56:13: Path 1:
06-May-2018 16:56:13: Best Fit: 1840.776461    Distance: 184.115336    Collision: 0     Angle Err: -3.769006
06-May-2018 16:56:13: Initializing networks
06-May-2018 16:56:13: Initializing remaining params
06-May-2018 16:56:13: Starting steps
06-May-2018 16:56:14: Path 2:
06-May-2018 16:56:14: Best Fit: 2393.607218    Distance: 239.337654    Collision: 0     Angle Err: 2.306799
06-May-2018 16:56:14: Best Fit: 2128.065970    Distance: 212.771138    Collision: 0    Angle Err: 3.545894
06-May-2018 16:56:14: Gen: 13: 
06-May-2018 16:56:14: Initializing networks
06-May-2018 16:56:14: Initializing remaining params
06-May-2018 16:56:14: Starting steps
06-May-2018 16:56:15: Path 1:
06-May-2018 16:56:15: Best Fit: 1849.089389    Distance: 184.903347    Collision: 0     Angle Err: 0.559192
06-May-2018 16:56:15: Initializing networks
06-May-2018 16:56:15: Initializing remaining params
06-May-2018 16:56:15: Starting steps
