09-May-2018 18:33:59: Initializing networks
09-May-2018 18:33:59: Initializing remaining params
09-May-2018 18:34:00: Starting steps
09-May-2018 18:37:23: Path 1:
09-May-2018 18:37:23: Best Fit: 1869.367912    Distance: 186.433999    Collision: 0     Path len: 5027.925534    Rotation: 0
09-May-2018 18:37:23: Initializing networks
09-May-2018 18:37:23: Initializing remaining params
09-May-2018 18:37:24: Starting steps
09-May-2018 18:40:42: Path 2:
09-May-2018 18:40:42: Best Fit: 18.565531    Distance: 1.336328    Collision: 0     Path len: 5202.254912    Rotation: 0
10-May-2018 14:21:52: Initializing networks
10-May-2018 14:21:52: Initializing remaining params
10-May-2018 14:21:52: Starting steps
10-May-2018 14:24:07: Path 1:
10-May-2018 14:24:07: Best Fit: 1869.367912    Distance: 186.433999    Collision: 0     Path len: 5027.925534    Rotation: 0
10-May-2018 14:24:07: Initializing networks
10-May-2018 14:24:07: Initializing remaining params
10-May-2018 14:24:07: Starting steps
10-May-2018 14:25:25: Path 2:
10-May-2018 14:25:25: Best Fit: 21.395147    Distance: 1.619837    Collision: 0     Path len: 5194.964534    Rotation: 1.809398e+00
11-May-2018 06:57:13: Initializing networks
11-May-2018 06:57:13: Initializing remaining params
11-May-2018 06:57:14: Starting steps
11-May-2018 07:01:18: Path 1:
11-May-2018 07:01:18: Best Fit: 1852.109643    Distance: 184.696313    Collision: 0     Path len: 5146.516871    Rotation: 0
11-May-2018 07:01:18: Initializing networks
11-May-2018 07:01:18: Initializing remaining params
11-May-2018 07:01:18: Starting steps
