14-May-2018 07:09:34: Initializing networks
14-May-2018 07:09:34: Initializing remaining params
14-May-2018 07:09:34: Starting steps
14-May-2018 07:10:39: Path 1:
14-May-2018 07:10:39: Best Fit: 595.140775  Distance: 93.577506  Collision: 0
14-May-2018 07:10:39: Initializing networks
14-May-2018 07:10:39: Initializing remaining params
14-May-2018 07:10:39: Starting steps
14-May-2018 07:11:44: Path 2:
14-May-2018 07:11:44: Best Fit: 600.000000  Distance: 210.059515  Collision: 0
14-May-2018 07:11:44: Initializing networks
14-May-2018 07:11:44: Initializing remaining params
14-May-2018 07:11:44: Starting steps
14-May-2018 07:12:49: Path 3:
14-May-2018 07:12:49: Best Fit: 594.988106  Distance: 84.106570  Collision: 0
14-May-2018 07:12:49: Initializing networks
14-May-2018 07:12:49: Initializing remaining params
14-May-2018 07:12:49: Starting steps
14-May-2018 07:13:54: Path 4:
14-May-2018 07:13:54: Best Fit: 592.267448  Distance: 103.671054  Collision: 0
14-May-2018 07:14:21: Initializing networks
14-May-2018 07:14:21: Initializing remaining params
14-May-2018 07:14:22: Starting steps
14-May-2018 07:16:10: Path 1:
14-May-2018 07:16:10: Best Fit: 6353.368696  Distance: 108.431354  Collision: 282
14-May-2018 07:16:10: Initializing networks
14-May-2018 07:16:10: Initializing remaining params
14-May-2018 07:16:10: Starting steps
14-May-2018 07:17:59: Path 2:
14-May-2018 07:17:59: Best Fit: 1000.000000  Distance: 210.059515  Collision: 0
14-May-2018 07:17:59: Initializing networks
14-May-2018 07:17:59: Initializing remaining params
14-May-2018 07:17:59: Starting steps
14-May-2018 07:19:48: Path 3:
14-May-2018 07:19:48: Best Fit: 7512.228375  Distance: 107.867951  Collision: 343
14-May-2018 07:19:48: Initializing networks
14-May-2018 07:19:48: Initializing remaining params
14-May-2018 07:19:48: Starting steps
14-May-2018 07:21:36: Path 4:
14-May-2018 07:21:36: Best Fit: 5115.411352  Distance: 109.579722  Collision: 217
14-May-2018 07:22:24: Initializing networks
14-May-2018 07:22:24: Initializing remaining params
14-May-2018 07:22:24: Starting steps
14-May-2018 07:22:55: Initializing networks
14-May-2018 07:22:55: Initializing remaining params
14-May-2018 07:22:55: Starting steps
14-May-2018 08:10:03: Initializing networks
14-May-2018 08:10:03: Initializing remaining params
14-May-2018 08:10:03: Starting steps
14-May-2018 08:11:22: Path 1:
14-May-2018 08:11:22: Best Fit: 595.140775  Distance: 93.577506  Collision: 0
14-May-2018 08:11:22: Initializing networks
14-May-2018 08:11:22: Initializing remaining params
14-May-2018 08:11:22: Starting steps
14-May-2018 08:12:35: Path 2:
14-May-2018 08:12:35: Best Fit: 600.000000  Distance: 210.059515  Collision: 0
14-May-2018 08:12:35: Initializing networks
14-May-2018 08:12:35: Initializing remaining params
14-May-2018 08:12:35: Starting steps
14-May-2018 08:13:47: Path 3:
14-May-2018 08:13:47: Best Fit: 594.988106  Distance: 84.106570  Collision: 0
14-May-2018 08:13:47: Initializing networks
14-May-2018 08:13:47: Initializing remaining params
14-May-2018 08:13:47: Starting steps
14-May-2018 08:14:59: Path 4:
14-May-2018 08:14:59: Best Fit: 592.267448  Distance: 103.671054  Collision: 0
14-May-2018 08:21:02: Initializing networks
14-May-2018 08:21:02: Initializing remaining params
14-May-2018 08:21:02: Starting steps
14-May-2018 08:22:14: Path 1:
14-May-2018 08:22:14: Best Fit: 594.937964  Distance: 88.507231  Collision: 0
14-May-2018 08:22:14: Initializing networks
14-May-2018 08:22:14: Initializing remaining params
14-May-2018 08:22:14: Starting steps
14-May-2018 08:23:27: Path 2:
14-May-2018 08:23:27: Best Fit: 600.000000  Distance: 210.059515  Collision: 0
14-May-2018 08:23:27: Initializing networks
14-May-2018 08:23:27: Initializing remaining params
14-May-2018 08:23:27: Starting steps
14-May-2018 08:24:39: Path 3:
14-May-2018 08:24:39: Best Fit: 593.484847  Distance: 46.525087  Collision: 0
14-May-2018 08:24:39: Initializing networks
14-May-2018 08:24:39: Initializing remaining params
14-May-2018 08:24:39: Starting steps
14-May-2018 08:25:51: Path 4:
14-May-2018 08:25:51: Best Fit: 591.876666  Distance: 93.901489  Collision: 0
14-May-2018 11:34:15: Initializing networks
14-May-2018 11:34:15: Initializing remaining params
14-May-2018 11:34:15: Starting steps
14-May-2018 11:35:32: Path 1:
14-May-2018 11:35:32: Best Fit: 594.771379  Distance: 84.342610  Collision: 0
14-May-2018 11:35:32: Initializing networks
14-May-2018 11:35:32: Initializing remaining params
14-May-2018 11:35:32: Starting steps
14-May-2018 11:36:32: Initializing networks
14-May-2018 11:36:32: Initializing remaining params
14-May-2018 11:36:33: Starting steps
14-May-2018 11:37:54: Path 1:
14-May-2018 11:37:54: Best Fit: 594.771379  Distance: 84.342610  Collision: 0
14-May-2018 11:37:54: Initializing networks
14-May-2018 11:37:54: Initializing remaining params
14-May-2018 11:37:54: Starting steps
14-May-2018 11:39:18: Path 2:
14-May-2018 11:39:18: Best Fit: 600.000000  Distance: 210.059515  Collision: 0
14-May-2018 11:39:18: Initializing networks
14-May-2018 11:39:18: Initializing remaining params
14-May-2018 11:39:18: Starting steps
14-May-2018 11:40:40: Path 3:
14-May-2018 11:40:40: Best Fit: 593.430954  Distance: 45.177777  Collision: 0
14-May-2018 11:40:40: Initializing networks
14-May-2018 11:40:40: Initializing remaining params
14-May-2018 11:40:40: Starting steps
14-May-2018 11:42:01: Path 4:
14-May-2018 11:42:01: Best Fit: 590.198137  Distance: 51.938264  Collision: 0
14-May-2018 11:42:51: Initializing networks
14-May-2018 11:42:51: Initializing remaining params
14-May-2018 11:42:51: Starting steps
14-May-2018 11:45:08: Path 1:
14-May-2018 11:45:08: Best Fit: 995.899244  Distance: 112.539226  Collision: 0
14-May-2018 11:45:08: Initializing networks
14-May-2018 11:45:08: Initializing remaining params
14-May-2018 11:45:08: Starting steps
14-May-2018 11:45:28: Initializing networks
14-May-2018 11:45:28: Initializing remaining params
14-May-2018 11:45:28: Starting steps
14-May-2018 11:47:58: Path 1:
14-May-2018 11:47:58: Best Fit: 995.899244  Distance: 112.539226  Collision: 0
14-May-2018 11:47:58: Initializing networks
14-May-2018 11:47:58: Initializing remaining params
14-May-2018 11:47:58: Starting steps
14-May-2018 11:50:36: Path 2:
14-May-2018 11:50:36: Best Fit: 998.310884  Distance: 167.831610  Collision: 0
14-May-2018 11:50:36: Initializing networks
14-May-2018 11:50:36: Initializing remaining params
14-May-2018 11:50:36: Starting steps
14-May-2018 12:48:30: Initializing networks
14-May-2018 12:48:30: Initializing remaining params
14-May-2018 12:48:30: Starting steps
14-May-2018 12:50:41: Path 1:
14-May-2018 12:50:41: Best Fit: 7758.852387  Distance: 87.096011  Collision: 356
14-May-2018 12:50:41: Initializing networks
14-May-2018 12:50:41: Initializing remaining params
14-May-2018 12:50:41: Starting steps
14-May-2018 12:52:50: Path 2:
14-May-2018 12:52:50: Best Fit: 1000.000808  Distance: 210.079721  Collision: 0
14-May-2018 12:52:50: Initializing networks
14-May-2018 12:52:50: Initializing remaining params
14-May-2018 12:52:50: Starting steps
14-May-2018 12:55:00: Path 3:
14-May-2018 12:55:00: Best Fit: 994.975172  Distance: 83.783222  Collision: 0
14-May-2018 12:55:00: Initializing networks
14-May-2018 12:55:00: Initializing remaining params
14-May-2018 12:55:00: Starting steps
14-May-2018 12:57:09: Path 4:
14-May-2018 12:57:09: Best Fit: 994.142977  Distance: 150.559284  Collision: 0
14-May-2018 14:38:26: Initializing networks
14-May-2018 14:38:26: Initializing remaining params
14-May-2018 14:38:26: Starting steps
14-May-2018 14:39:56: Path 1:
14-May-2018 14:39:56: Best Fit: 594.774681  Distance: 84.425152  Collision: 0
14-May-2018 14:39:56: Initializing networks
14-May-2018 14:39:56: Initializing remaining params
14-May-2018 14:39:56: Starting steps
14-May-2018 14:41:26: Path 2:
14-May-2018 14:41:26: Best Fit: 600.000000  Distance: 210.059515  Collision: 0
14-May-2018 14:41:26: Initializing networks
14-May-2018 14:41:26: Initializing remaining params
14-May-2018 14:41:26: Starting steps
14-May-2018 14:42:55: Path 3:
14-May-2018 14:42:55: Best Fit: 594.659241  Distance: 75.884949  Collision: 0
14-May-2018 14:42:55: Initializing networks
14-May-2018 14:42:55: Initializing remaining params
14-May-2018 14:42:55: Starting steps
14-May-2018 14:44:23: Path 4:
14-May-2018 14:44:23: Best Fit: 590.201512  Distance: 52.022653  Collision: 0
