14-May-2018 06:40:40: Initializing networks
14-May-2018 06:40:40: Initializing remaining params
14-May-2018 06:40:40: Starting steps
14-May-2018 06:40:40: Path 1:
14-May-2018 06:40:40: Best Fit: 4913.910031    Distance: 1.515005    Collision: 0     Dist sum: 4913.910031
14-May-2018 06:40:40: Initializing networks
14-May-2018 06:40:40: Initializing remaining params
14-May-2018 06:40:40: Starting steps
14-May-2018 06:40:41: Path 2:
14-May-2018 06:40:41: Best Fit: 5022.376771    Distance: 0.857770    Collision: 0     Dist sum: 5022.376771
14-May-2018 06:40:41: Initializing networks
14-May-2018 06:40:41: Initializing remaining params
14-May-2018 06:40:41: Starting steps
14-May-2018 06:40:42: Path 3:
14-May-2018 06:40:42: Best Fit: 4748.127255    Distance: 0.733586    Collision: 0     Dist sum: 4748.127255
14-May-2018 06:41:32: Initializing networks
14-May-2018 06:41:32: Initializing remaining params
14-May-2018 06:41:33: Starting steps
14-May-2018 06:42:37: Path 1:
14-May-2018 06:42:37: Best Fit: 4913.910031    Distance: 1.515005    Collision: 0     Dist sum: 4913.910031
14-May-2018 06:42:37: Initializing networks
14-May-2018 06:42:37: Initializing remaining params
14-May-2018 06:42:37: Starting steps
14-May-2018 06:43:42: Path 2:
14-May-2018 06:43:42: Best Fit: 5022.376771    Distance: 0.857770    Collision: 0     Dist sum: 5022.376771
14-May-2018 06:43:42: Initializing networks
14-May-2018 06:43:42: Initializing remaining params
14-May-2018 06:43:42: Starting steps
14-May-2018 06:44:46: Path 3:
14-May-2018 06:44:46: Best Fit: 4748.127255    Distance: 0.733586    Collision: 0     Dist sum: 4748.127255
14-May-2018 06:45:49: Initializing networks
14-May-2018 06:45:49: Initializing remaining params
14-May-2018 06:45:49: Starting steps
14-May-2018 06:46:53: Path 1:
14-May-2018 06:46:53: Best Fit: 9667.003477    Distance: 2.195594    Collision: 5     Dist sum: 4667.003477
14-May-2018 06:47:39: Initializing networks
14-May-2018 06:47:39: Initializing remaining params
14-May-2018 06:47:39: Starting steps
14-May-2018 06:48:12: Initializing networks
14-May-2018 06:48:12: Initializing remaining params
14-May-2018 06:48:12: Starting steps
14-May-2018 06:49:16: Path 1:
14-May-2018 06:49:16: Best Fit: 569278.080901    Distance: 25.565638    Collision: 548     Dist sum: 21278.080901
14-May-2018 09:29:39: Initializing networks
14-May-2018 09:29:39: Initializing remaining params
14-May-2018 09:29:39: Starting steps
14-May-2018 09:31:04: Path 1:
14-May-2018 09:31:04: Best Fit: 4913.900484    Distance: 1.514982    Collision: 0     Dist sum: 4913.900484
14-May-2018 09:31:04: Initializing networks
14-May-2018 09:31:04: Initializing remaining params
14-May-2018 09:31:05: Starting steps
14-May-2018 09:32:31: Path 2:
14-May-2018 09:32:31: Best Fit: 4902.183671    Distance: 0.631298    Collision: 0     Dist sum: 4902.183671
14-May-2018 09:32:31: Initializing networks
14-May-2018 09:32:31: Initializing remaining params
14-May-2018 09:32:31: Starting steps
14-May-2018 09:33:56: Path 3:
14-May-2018 09:33:56: Best Fit: 4712.620762    Distance: 0.858158    Collision: 0     Dist sum: 4712.620762
14-May-2018 09:38:00: Initializing networks
14-May-2018 09:38:00: Initializing remaining params
14-May-2018 09:38:01: Starting steps
14-May-2018 09:39:27: Path 1:
14-May-2018 09:39:27: Best Fit: 588643.997444    Distance: 24.171646    Collision: 566     Dist sum: 22643.997444
14-May-2018 15:09:59: Initializing networks
14-May-2018 15:09:59: Initializing remaining params
14-May-2018 15:09:59: Starting steps
14-May-2018 15:11:33: Path 1:
14-May-2018 15:11:33: Best Fit: 4913.746370    Distance: 1.514684    Collision: 0     Dist sum: 4913.746370
14-May-2018 15:11:33: Initializing networks
14-May-2018 15:11:33: Initializing remaining params
14-May-2018 15:11:33: Starting steps
14-May-2018 15:13:14: Path 2:
14-May-2018 15:13:14: Best Fit: 4895.332302    Distance: 0.414709    Collision: 0     Dist sum: 4895.332302
14-May-2018 15:13:14: Initializing networks
14-May-2018 15:13:14: Initializing remaining params
14-May-2018 15:13:14: Starting steps
14-May-2018 15:14:50: Path 3:
14-May-2018 15:14:50: Best Fit: 4748.097891    Distance: 0.733478    Collision: 0     Dist sum: 4748.097891
14-May-2018 15:19:37: Initializing networks
14-May-2018 15:19:37: Initializing remaining params
14-May-2018 15:19:38: Starting steps
14-May-2018 15:20:21: Initializing networks
14-May-2018 15:20:21: Initializing remaining params
14-May-2018 15:20:21: Starting steps
14-May-2018 15:21:56: Path 1:
14-May-2018 15:21:56: Best Fit: 6137.436881    Distance: 4.689292    Collision: 0     Dist sum: 6137.436881
