02-May-2018 08:15:41: Initializing networks
02-May-2018 08:18:06: Initializing networks
02-May-2018 08:18:06: Initializing remaining params
02-May-2018 08:18:06: Starting steps
02-May-2018 08:19:54: Initializing networks
02-May-2018 08:19:54: Initializing remaining params
02-May-2018 08:19:54: Starting steps
02-May-2018 08:50:30: Initializing networks
02-May-2018 08:50:30: Initializing remaining params
02-May-2018 08:50:30: Starting steps
02-May-2018 08:54:20: Initializing networks
02-May-2018 08:54:20: Initializing remaining params
02-May-2018 08:54:21: Starting steps
02-May-2018 09:34:20: Initializing networks
02-May-2018 09:34:21: Initializing remaining params
02-May-2018 09:34:21: Starting steps
07-May-2018 21:36:41: Initializing networks
07-May-2018 21:36:41: Initializing remaining params
07-May-2018 21:36:42: Starting steps
07-May-2018 21:41:43: Initializing networks
07-May-2018 21:41:43: Initializing remaining params
07-May-2018 21:41:43: Starting steps
07-May-2018 21:42:19: Path 1:
07-May-2018 21:42:19: Best Fit: 13845.814814    Distance: 4.419565    Collision: 138     Path len: 1619.162171    Rotation: 0
08-May-2018 00:01:29: Initializing networks
08-May-2018 00:01:29: Initializing remaining params
08-May-2018 00:01:29: Starting steps
08-May-2018 00:02:06: Path 1:
08-May-2018 00:02:06: Best Fit: 13845.814814    Distance: 4.419565    Collision: 138     Path len: 1619.162171    Rotation: 0
